<?xml version="1.0" encoding="UTF-8"?>
<!-- Generated by org.testng.reporters.JUnitReportReporter -->
<testsuite hostname="LAPTOP-88B9OL0C" failures="0" tests="1" name="NewPack.NewTest" time="1.655" errors="0" timestamp="2022-02-01T17:46:38 IST" skipped="0">
  <testcase classname="NewPack.NewTest" name="f" time="1.655"/>
  <system-out/>
</testsuite> <!-- NewPack.NewTest -->
